  Building 'WdfltHook' with toolset 'WindowsKernelModeDriver10.0' and the 'Desktop' target platform.
  Stamping x64\Release\WdfltHook.inf
  Stamping [Version] section with DriverVer=10/31/2023,22.16.51.732
C:\Users\dorge\source\repos\WdfltHook\WdfltHook\WdfltHook.inf : warning 1420: [DefaultInstall]-based INF cannot be processed as Primitive.
C:\Users\dorge\source\repos\WdfltHook\WdfltHook\WdfltHook.inf(25-25): warning 1421: Section [DefaultInstall] should have an architecture decoration.
C:\Users\dorge\source\repos\WdfltHook\WdfltHook\WdfltHook.inf(36-36): warning 1421: Section [DefaultUninstall] should have an architecture decoration.
C:\Users\dorge\source\repos\WdfltHook\WdfltHook\WdfltHook.inf(74-74): warning 1205: Section [MiniFilter.DriverFiles] referenced from DelFiles and CopyFiles directive.
  WdfltHook.c
C:\Users\dorge\source\repos\WdfltHook\WdfltHook\ntdefs.h(270,1): warning C4005: 'OBJ_VALID_ATTRIBUTES': macro redefinition
C:\Program Files (x86)\Windows Kits\10\Include\10.0.19041.0\shared\ntdef.h(1785): message : see previous definition of 'OBJ_VALID_ATTRIBUTES'
C:\Users\dorge\source\repos\WdfltHook\WdfltHook\ntdefs.h(353,6): warning C4201: nonstandard extension used: nameless struct/union
C:\Users\dorge\source\repos\WdfltHook\WdfltHook\ntdefs.h(354,5): warning C4201: nonstandard extension used: nameless struct/union
C:\Users\dorge\source\repos\WdfltHook\WdfltHook\ntdefs.h(386,6): warning C4201: nonstandard extension used: nameless struct/union
C:\Users\dorge\source\repos\WdfltHook\WdfltHook\ntdefs.h(387,5): warning C4201: nonstandard extension used: nameless struct/union
C:\Users\dorge\source\repos\WdfltHook\WdfltHook\ntdefs.h(398,3): warning C4201: nonstandard extension used: nameless struct/union
C:\Users\dorge\source\repos\WdfltHook\WdfltHook\ntdefs.h(444,3): warning C4201: nonstandard extension used: nameless struct/union
C:\Users\dorge\source\repos\WdfltHook\WdfltHook\WdfltHook.c(340,10): warning C4189: 'output': local variable is initialized but not referenced
C:\Users\dorge\source\repos\WdfltHook\WdfltHook\WdfltHook.c(335,11): warning C4189: 'LocalIntBase': local variable is initialized but not referenced
C:\Users\dorge\source\repos\WdfltHook\WdfltHook\WdfltHook.c(442,120): warning C4047: 'function': 'LONG64' differs in levels of indirection from 'PVOID'
C:\Users\dorge\source\repos\WdfltHook\WdfltHook\WdfltHook.c(442,106): warning C4024: 'SaveOrigCallback': different types for formal and actual parameter 2
C:\Users\dorge\source\repos\WdfltHook\WdfltHook\WdfltHook.c(443,96): warning C4047: 'function': 'volatile __int64 *' differs in levels of indirection from 'PVOID *'
C:\Users\dorge\source\repos\WdfltHook\WdfltHook\WdfltHook.c(443,68): warning C4024: '_InterlockedExchange64': different types for formal and actual parameter 1
C:\Users\dorge\source\repos\WdfltHook\WdfltHook\WdfltHook.c(443,119): warning C4047: 'function': '__int64' differs in levels of indirection from 'FLT_PREOP_CALLBACK_STATUS (__cdecl *)(PFLT_CALLBACK_DATA,PCFLT_RELATED_OBJECTS,PVOID *)'
C:\Users\dorge\source\repos\WdfltHook\WdfltHook\WdfltHook.c(443,98): warning C4024: '_InterlockedExchange64': different types for formal and actual parameter 2
C:\Users\dorge\source\repos\WdfltHook\WdfltHook\WdfltHook.c(447,122): warning C4047: 'function': 'LONG64' differs in levels of indirection from 'PVOID'
C:\Users\dorge\source\repos\WdfltHook\WdfltHook\WdfltHook.c(447,107): warning C4024: 'SaveOrigCallback': different types for formal and actual parameter 2
C:\Users\dorge\source\repos\WdfltHook\WdfltHook\WdfltHook.c(448,97): warning C4047: 'function': 'volatile __int64 *' differs in levels of indirection from 'PVOID *'
C:\Users\dorge\source\repos\WdfltHook\WdfltHook\WdfltHook.c(448,68): warning C4024: '_InterlockedExchange64': different types for formal and actual parameter 1
C:\Users\dorge\source\repos\WdfltHook\WdfltHook\WdfltHook.c(448,121): warning C4047: 'function': '__int64' differs in levels of indirection from 'FLT_POSTOP_CALLBACK_STATUS (__cdecl *)(PFLT_CALLBACK_DATA,PCFLT_RELATED_OBJECTS,PVOID,FLT_POST_OPERATION_FLAGS)'
C:\Users\dorge\source\repos\WdfltHook\WdfltHook\WdfltHook.c(448,99): warning C4024: '_InterlockedExchange64': different types for formal and actual parameter 2
C:\Users\dorge\source\repos\WdfltHook\WdfltHook\WdfltHook.c(414,40): warning C4189: 'TargetCallbackNode': local variable is initialized but not referenced
  WdfltHook.vcxproj -> C:\Users\dorge\source\repos\WdfltHook\x64\Release\WdfltHook.sys
  Done Adding Additional Store
  Successfully signed: C:\Users\dorge\source\repos\WdfltHook\x64\Release\WdfltHook.sys
  
  .........................
  Signability test complete.
  
  Errors:
  None
  
  Warnings:
  None
  
  Catalog generation complete.
  C:\Users\dorge\source\repos\WdfltHook\x64\Release\WdfltHook\wdflthook.cat
  Done Adding Additional Store
  Successfully signed: C:\Users\dorge\source\repos\WdfltHook\x64\Release\WdfltHook\wdflthook.cat
  
